{"level":"INFO","time":"2023-11-01T10:05:26.591+0800","caller":"go_web/main.go:77","msg":"Shutdown Server ..."}
{"level":"INFO","time":"2023-11-01T10:05:26.591+0800","caller":"go_web/main.go:86","msg":"Server exiting"}
{"level":"INFO","time":"2023-11-01T10:14:31.941+0800","caller":"logger/logger.go:37","msg":"logger init success"}
{"level":"INFO","time":"2023-11-01T10:14:32.470+0800","caller":"mysql/mysql.go:30","msg":"mysql init success"}
{"level":"ERROR","time":"2023-11-01T10:14:35.467+0800","caller":"controllers/user.go:20","msg":"signup with invalid param","error":"Key: 'ParamSignUp.RePassword' Error:Field validation for 'RePassword' failed on the 'required' tag"}
{"level":"INFO","time":"2023-11-01T10:14:35.467+0800","caller":"logger/logger.go:70","msg":"/signup","status":200,"method":"POST","path":"/signup","query":"","ip":"::1","user-agent":"PostmanRuntime/7.32.2","errors":"","cost":0.0003613}
{"level":"INFO","time":"2023-11-01T10:15:59.191+0800","caller":"go_web/main.go:82","msg":"Shutdown Server ..."}
{"level":"INFO","time":"2023-11-01T10:15:59.191+0800","caller":"go_web/main.go:91","msg":"Server exiting"}
{"level":"INFO","time":"2023-11-01T10:16:04.148+0800","caller":"logger/logger.go:37","msg":"logger init success"}
{"level":"INFO","time":"2023-11-01T10:16:04.218+0800","caller":"mysql/mysql.go:30","msg":"mysql init success"}
{"level":"ERROR","time":"2023-11-01T10:16:06.498+0800","caller":"controllers/user.go:20","msg":"signup with invalid param","error":"Key: 'ParamSignUp.re_password' Error:Field validation for 're_password' failed on the 'required' tag"}
{"level":"INFO","time":"2023-11-01T10:16:06.498+0800","caller":"logger/logger.go:70","msg":"/signup","status":200,"method":"POST","path":"/signup","query":"","ip":"::1","user-agent":"PostmanRuntime/7.32.2","errors":"","cost":0}
{"level":"INFO","time":"2023-11-01T10:17:58.325+0800","caller":"go_web/main.go:82","msg":"Shutdown Server ..."}
{"level":"INFO","time":"2023-11-01T10:17:58.325+0800","caller":"go_web/main.go:91","msg":"Server exiting"}
{"level":"INFO","time":"2023-11-01T10:18:03.328+0800","caller":"logger/logger.go:37","msg":"logger init success"}
{"level":"INFO","time":"2023-11-01T10:18:03.865+0800","caller":"mysql/mysql.go:30","msg":"mysql init success"}
{"level":"ERROR","time":"2023-11-01T10:18:09.798+0800","caller":"controllers/user.go:20","msg":"signup with invalid param","error":"Key: 'ParamSignUp.re_password' Error:Field validation for 're_password' failed on the 'required' tag"}
{"level":"INFO","time":"2023-11-01T10:18:09.798+0800","caller":"logger/logger.go:70","msg":"/signup","status":200,"method":"POST","path":"/signup","query":"","ip":"::1","user-agent":"PostmanRuntime/7.32.2","errors":"","cost":0.0005232}
{"level":"INFO","time":"2023-11-01T10:19:14.449+0800","caller":"go_web/main.go:82","msg":"Shutdown Server ..."}
{"level":"INFO","time":"2023-11-01T10:19:14.449+0800","caller":"go_web/main.go:91","msg":"Server exiting"}
{"level":"INFO","time":"2023-11-01T10:19:19.391+0800","caller":"logger/logger.go:37","msg":"logger init success"}
{"level":"INFO","time":"2023-11-01T10:19:19.907+0800","caller":"mysql/mysql.go:30","msg":"mysql init success"}
{"level":"ERROR","time":"2023-11-01T10:19:31.750+0800","caller":"controllers/user.go:20","msg":"signup with invalid param","error":"Key: 'ParamSignUp.re_password' Error:Field validation for 're_password' failed on the 'eqfield' tag"}
{"level":"INFO","time":"2023-11-01T10:19:31.750+0800","caller":"logger/logger.go:70","msg":"/signup","status":200,"method":"POST","path":"/signup","query":"","ip":"::1","user-agent":"PostmanRuntime/7.32.2","errors":"","cost":0.0005264}
{"level":"INFO","time":"2023-11-01T10:39:00.970+0800","caller":"go_web/main.go:82","msg":"Shutdown Server ..."}
{"level":"INFO","time":"2023-11-01T10:39:00.970+0800","caller":"go_web/main.go:91","msg":"Server exiting"}
{"level":"INFO","time":"2023-11-01T10:43:18.268+0800","caller":"logger/logger.go:37","msg":"logger init success"}
{"level":"INFO","time":"2023-11-01T10:43:19.372+0800","caller":"mysql/mysql.go:30","msg":"mysql init success"}
{"level":"ERROR","time":"2023-11-01T10:43:26.190+0800","caller":"controllers/user.go:20","msg":"signup with invalid param","error":"Key: 'ParamSignUp.re_password' Error:Field validation for 're_password' failed on the 'eqfield' tag"}
{"level":"INFO","time":"2023-11-01T10:43:26.190+0800","caller":"logger/logger.go:70","msg":"/signup","status":200,"method":"POST","path":"/signup","query":"","ip":"::1","user-agent":"PostmanRuntime/7.32.2","errors":"","cost":0}
{"level":"INFO","time":"2023-11-01T10:44:00.255+0800","caller":"logger/logger.go:70","msg":"/signup","status":200,"method":"POST","path":"/signup","query":"","ip":"::1","user-agent":"PostmanRuntime/7.32.2","errors":"","cost":0.0566447}
{"level":"INFO","time":"2023-11-01T10:45:33.263+0800","caller":"go_web/main.go:82","msg":"Shutdown Server ..."}
{"level":"INFO","time":"2023-11-01T10:45:33.263+0800","caller":"go_web/main.go:91","msg":"Server exiting"}
{"level":"INFO","time":"2023-11-01T10:45:38.347+0800","caller":"logger/logger.go:37","msg":"logger init success"}
{"level":"INFO","time":"2023-11-01T10:45:38.648+0800","caller":"mysql/mysql.go:30","msg":"mysql init success"}
{"level":"INFO","time":"2023-11-01T10:45:44.553+0800","caller":"logger/logger.go:70","msg":"/signup","status":200,"method":"POST","path":"/signup","query":"","ip":"::1","user-agent":"PostmanRuntime/7.32.2","errors":"","cost":0.0242047}
{"level":"INFO","time":"2023-11-01T10:45:56.942+0800","caller":"go_web/main.go:82","msg":"Shutdown Server ..."}
{"level":"INFO","time":"2023-11-01T10:45:56.942+0800","caller":"go_web/main.go:91","msg":"Server exiting"}
{"level":"INFO","time":"2023-11-01T10:46:02.503+0800","caller":"logger/logger.go:37","msg":"logger init success"}
{"level":"INFO","time":"2023-11-01T10:46:03.477+0800","caller":"mysql/mysql.go:30","msg":"mysql init success"}
{"level":"INFO","time":"2023-11-01T10:46:32.442+0800","caller":"logger/logger.go:70","msg":"/signup","status":200,"method":"POST","path":"/signup","query":"","ip":"::1","user-agent":"PostmanRuntime/7.32.2","errors":"","cost":0.2374951}
{"level":"INFO","time":"2023-11-01T10:47:22.464+0800","caller":"logger/logger.go:70","msg":"/signup","status":200,"method":"POST","path":"/signup","query":"","ip":"::1","user-agent":"PostmanRuntime/7.32.2","errors":"","cost":0.2461605}
{"level":"INFO","time":"2023-11-01T10:57:23.174+0800","caller":"go_web/main.go:82","msg":"Shutdown Server ..."}
{"level":"INFO","time":"2023-11-01T10:57:23.174+0800","caller":"go_web/main.go:91","msg":"Server exiting"}
{"level":"INFO","time":"2023-11-01T11:00:29.543+0800","caller":"logger/logger.go:50","msg":"logger init success"}
{"level":"INFO","time":"2023-11-01T11:00:30.687+0800","caller":"mysql/mysql.go:30","msg":"mysql init success"}
{"level":"INFO","time":"2023-11-01T11:01:07.922+0800","caller":"go_web/main.go:82","msg":"Shutdown Server ..."}
{"level":"INFO","time":"2023-11-01T11:01:07.923+0800","caller":"go_web/main.go:91","msg":"Server exiting"}
{"level":"INFO","time":"2023-11-01T11:01:12.465+0800","caller":"logger/logger.go:50","msg":"logger init success"}
{"level":"INFO","time":"2023-11-01T11:01:12.545+0800","caller":"mysql/mysql.go:30","msg":"mysql init success"}
{"level":"INFO","time":"2023-11-01T11:01:43.270+0800","caller":"go_web/main.go:82","msg":"Shutdown Server ..."}
{"level":"INFO","time":"2023-11-01T11:01:43.270+0800","caller":"go_web/main.go:91","msg":"Server exiting"}
{"level":"INFO","time":"2023-11-01T11:01:48.266+0800","caller":"logger/logger.go:52","msg":"logger init success"}
{"level":"INFO","time":"2023-11-01T11:01:48.348+0800","caller":"mysql/mysql.go:30","msg":"mysql init success"}
{"level":"INFO","time":"2023-11-01T11:02:05.074+0800","caller":"logger/logger.go:85","msg":"/signup","status":200,"method":"POST","path":"/signup","query":"","ip":"::1","user-agent":"PostmanRuntime/7.32.2","errors":"","cost":0.2915779}
{"level":"ERROR","time":"2023-11-01T11:03:37.948+0800","caller":"controllers/user.go:20","msg":"signup with invalid param","error":"Key: 'ParamSignUp.re_password' Error:Field validation for 're_password' failed on the 'eqfield' tag"}
{"level":"INFO","time":"2023-11-01T11:03:37.948+0800","caller":"logger/logger.go:85","msg":"/signup","status":200,"method":"POST","path":"/signup","query":"","ip":"::1","user-agent":"PostmanRuntime/7.32.2","errors":"","cost":0.0001676}
{"level":"INFO","time":"2023-11-01T11:04:49.619+0800","caller":"go_web/main.go:82","msg":"Shutdown Server ..."}
{"level":"INFO","time":"2023-11-01T11:04:49.619+0800","caller":"go_web/main.go:91","msg":"Server exiting"}
{"level":"INFO","time":"2023-11-01T11:08:06.460+0800","caller":"logger/logger.go:52","msg":"logger init success"}
{"level":"INFO","time":"2023-11-01T11:08:06.975+0800","caller":"mysql/mysql.go:30","msg":"mysql init success"}
{"level":"INFO","time":"2023-11-01T11:09:57.404+0800","caller":"go_web/main.go:82","msg":"Shutdown Server ..."}
{"level":"INFO","time":"2023-11-01T11:09:57.404+0800","caller":"go_web/main.go:91","msg":"Server exiting"}
{"level":"INFO","time":"2023-11-01T11:10:08.517+0800","caller":"logger/logger.go:52","msg":"logger init success"}
{"level":"INFO","time":"2023-11-01T11:10:08.611+0800","caller":"mysql/mysql.go:30","msg":"mysql init success"}
{"level":"ERROR","time":"2023-11-01T11:10:15.531+0800","caller":"controllers/user.go:20","msg":"signup with invalid param","error":"Key: 'ParamSignUp.re_password' Error:Field validation for 're_password' failed on the 'eqfield' tag"}
{"level":"INFO","time":"2023-11-01T11:10:15.531+0800","caller":"logger/logger.go:85","msg":"/signup","status":200,"method":"POST","path":"/signup","query":"","ip":"::1","user-agent":"PostmanRuntime/7.32.2","errors":"","cost":0.0005226}
{"level":"INFO","time":"2023-11-01T11:10:22.838+0800","caller":"go_web/main.go:82","msg":"Shutdown Server ..."}
{"level":"INFO","time":"2023-11-01T11:10:22.838+0800","caller":"go_web/main.go:91","msg":"Server exiting"}
{"level":"INFO","time":"2023-11-01T13:05:39.259+0800","caller":"logger/logger.go:52","msg":"logger init success"}
{"level":"INFO","time":"2023-11-01T13:05:39.405+0800","caller":"mysql/mysql.go:30","msg":"mysql init success"}
{"level":"ERROR","time":"2023-11-01T13:08:38.849+0800","caller":"controllers/user.go:54","msg":"login with invalid param","error":"Key: 'ParamLogin.password' Error:Field validation for 'password' failed on the 'required' tag"}
{"level":"INFO","time":"2023-11-01T13:08:38.849+0800","caller":"logger/logger.go:85","msg":"/login","status":200,"method":"POST","path":"/login","query":"","ip":"::1","user-agent":"PostmanRuntime/7.34.0","errors":"","cost":0.0005279}
{"level":"ERROR","time":"2023-11-01T13:08:52.645+0800","caller":"controllers/user.go:71","msg":"login failed","error":"用户已存在"}
{"level":"INFO","time":"2023-11-01T13:08:52.645+0800","caller":"logger/logger.go:85","msg":"/login","status":200,"method":"POST","path":"/login","query":"","ip":"::1","user-agent":"PostmanRuntime/7.34.0","errors":"","cost":0.0240465}
{"level":"INFO","time":"2023-11-01T13:12:03.478+0800","caller":"go_web/main.go:82","msg":"Shutdown Server ..."}
{"level":"INFO","time":"2023-11-01T13:12:03.478+0800","caller":"go_web/main.go:91","msg":"Server exiting"}
{"level":"INFO","time":"2023-11-01T13:12:08.775+0800","caller":"logger/logger.go:52","msg":"logger init success"}
{"level":"INFO","time":"2023-11-01T13:12:08.859+0800","caller":"mysql/mysql.go:30","msg":"mysql init success"}
{"level":"ERROR","time":"2023-11-01T13:12:12.482+0800","caller":"controllers/user.go:71","msg":"login failed","error":"密码错误"}
{"level":"INFO","time":"2023-11-01T13:12:12.482+0800","caller":"logger/logger.go:85","msg":"/login","status":200,"method":"POST","path":"/login","query":"","ip":"::1","user-agent":"PostmanRuntime/7.34.0","errors":"","cost":0.0609573}
{"level":"INFO","time":"2023-11-01T13:12:27.714+0800","caller":"go_web/main.go:82","msg":"Shutdown Server ..."}
{"level":"INFO","time":"2023-11-01T13:12:27.715+0800","caller":"go_web/main.go:91","msg":"Server exiting"}
{"level":"INFO","time":"2023-11-01T13:12:32.887+0800","caller":"logger/logger.go:52","msg":"logger init success"}
{"level":"INFO","time":"2023-11-01T13:12:32.963+0800","caller":"mysql/mysql.go:30","msg":"mysql init success"}
{"level":"ERROR","time":"2023-11-01T13:12:35.704+0800","caller":"controllers/user.go:71","msg":"login failed","error":"密码错误"}
{"level":"INFO","time":"2023-11-01T13:12:35.704+0800","caller":"logger/logger.go:85","msg":"/login","status":200,"method":"POST","path":"/login","query":"","ip":"::1","user-agent":"PostmanRuntime/7.34.0","errors":"","cost":0.0698064}
{"level":"ERROR","time":"2023-11-01T13:12:39.314+0800","caller":"controllers/user.go:71","msg":"login failed","error":"用户不存在"}
{"level":"INFO","time":"2023-11-01T13:12:39.314+0800","caller":"logger/logger.go:85","msg":"/login","status":200,"method":"POST","path":"/login","query":"","ip":"::1","user-agent":"PostmanRuntime/7.34.0","errors":"","cost":0.0256458}
{"level":"ERROR","time":"2023-11-01T13:12:43.639+0800","caller":"controllers/user.go:54","msg":"login with invalid param","error":"invalid character '}' looking for beginning of object key string"}
{"level":"INFO","time":"2023-11-01T13:12:43.639+0800","caller":"logger/logger.go:85","msg":"/login","status":200,"method":"POST","path":"/login","query":"","ip":"::1","user-agent":"PostmanRuntime/7.34.0","errors":"","cost":0.0001865}
{"level":"ERROR","time":"2023-11-01T13:12:49.147+0800","caller":"controllers/user.go:54","msg":"login with invalid param","error":"Key: 'ParamLogin.password' Error:Field validation for 'password' failed on the 'required' tag"}
{"level":"INFO","time":"2023-11-01T13:12:49.147+0800","caller":"logger/logger.go:85","msg":"/login","status":200,"method":"POST","path":"/login","query":"","ip":"::1","user-agent":"PostmanRuntime/7.34.0","errors":"","cost":0}
{"level":"ERROR","time":"2023-11-01T13:12:55.623+0800","caller":"controllers/user.go:54","msg":"login with invalid param","error":"Key: 'ParamLogin.username' Error:Field validation for 'username' failed on the 'required' tag"}
{"level":"INFO","time":"2023-11-01T13:12:55.623+0800","caller":"logger/logger.go:85","msg":"/login","status":200,"method":"POST","path":"/login","query":"","ip":"::1","user-agent":"PostmanRuntime/7.34.0","errors":"","cost":0.000587}
{"level":"ERROR","time":"2023-11-01T13:13:05.966+0800","caller":"controllers/user.go:71","msg":"login failed","error":"用户不存在"}
{"level":"INFO","time":"2023-11-01T13:13:05.966+0800","caller":"logger/logger.go:85","msg":"/login","status":200,"method":"POST","path":"/login","query":"","ip":"::1","user-agent":"PostmanRuntime/7.34.0","errors":"","cost":0.0239196}
{"level":"INFO","time":"2023-11-01T13:13:10.366+0800","caller":"logger/logger.go:85","msg":"/login","status":200,"method":"POST","path":"/login","query":"","ip":"::1","user-agent":"PostmanRuntime/7.34.0","errors":"","cost":0.021237}
{"level":"INFO","time":"2023-11-01T13:50:37.863+0800","caller":"go_web/main.go:82","msg":"Shutdown Server ..."}
{"level":"INFO","time":"2023-11-01T13:50:37.863+0800","caller":"go_web/main.go:91","msg":"Server exiting"}
